[debug] [2022-12-07T08:01:03.871Z] ----------------------------------------------------------------------
[debug] [2022-12-07T08:01:03.873Z] Command:       /usr/local/bin/firebase /Users/admin/.cache/firebase/tools/lib/node_modules/firebase-tools/lib/bin/firebase init
[debug] [2022-12-07T08:01:03.873Z] CLI Version:   11.8.0
[debug] [2022-12-07T08:01:03.873Z] Platform:      darwin
[debug] [2022-12-07T08:01:03.873Z] Node Version:  v16.16.0
[debug] [2022-12-07T08:01:03.881Z] Time:          Wed Dec 07 2022 10:01:03 GMT+0200 (South Africa Standard Time)
[debug] [2022-12-07T08:01:03.882Z] ----------------------------------------------------------------------
[debug] 
[debug] [2022-12-07T08:01:03.892Z] >>> [apiv2][query] GET https://firebase-public.firebaseio.com/cli.json [none]
[debug] [2022-12-07T08:01:03.939Z] > command requires scopes: ["email","openid","https://www.googleapis.com/auth/cloudplatformprojects.readonly","https://www.googleapis.com/auth/firebase","https://www.googleapis.com/auth/cloud-platform"]
[debug] [2022-12-07T08:01:03.942Z] > authorizing via signed-in user (arinaomuleluz@gmail.com)
[info] 
     ######## #### ########  ######## ########     ###     ######  ########
     ##        ##  ##     ## ##       ##     ##  ##   ##  ##       ##
     ######    ##  ########  ######   ########  #########  ######  ######
     ##        ##  ##    ##  ##       ##     ## ##     ##       ## ##
     ##       #### ##     ## ######## ########  ##     ##  ######  ########

You're about to initialize a Firebase project in this directory:

  /Users/admin/React Projects/portfolio

[debug] [2022-12-07T08:01:05.427Z] <<< [apiv2][status] GET https://firebase-public.firebaseio.com/cli.json 200
[debug] [2022-12-07T08:01:05.431Z] <<< [apiv2][body] GET https://firebase-public.firebaseio.com/cli.json {"cloudBuildErrorAfter":1594252800000,"cloudBuildWarnAfter":1590019200000,"defaultNode10After":1594252800000,"minVersion":"3.0.5","node8DeploysDisabledAfter":1613390400000,"node8RuntimeDisabledAfter":1615809600000,"node8WarnAfter":1600128000000}
[info] 
=== Project Setup
[info] 
[info] First, let's associate this project directory with a Firebase project.
[info] You can create multiple project aliases by running firebase use --add, 
[info] but for now we'll just set up a default project.
[info] 
[debug] [2022-12-07T08:01:27.339Z] > refreshing access token with scopes: []
[debug] [2022-12-07T08:01:27.341Z] >>> [apiv2][query] POST https://www.googleapis.com/oauth2/v3/token [none]
[debug] [2022-12-07T08:01:27.343Z] >>> [apiv2][body] POST https://www.googleapis.com/oauth2/v3/token [omitted]
[debug] [2022-12-07T08:01:28.151Z] <<< [apiv2][status] POST https://www.googleapis.com/oauth2/v3/token 200
[debug] [2022-12-07T08:01:28.153Z] <<< [apiv2][body] POST https://www.googleapis.com/oauth2/v3/token [omitted]
[debug] [2022-12-07T08:01:28.172Z] >>> [apiv2][query] GET https://firebase.googleapis.com/v1beta1/projects pageSize=100
[debug] [2022-12-07T08:01:30.486Z] <<< [apiv2][status] GET https://firebase.googleapis.com/v1beta1/projects 200
[debug] [2022-12-07T08:01:30.487Z] <<< [apiv2][body] GET https://firebase.googleapis.com/v1beta1/projects [omitted]
